<?xml version="1.0" encoding="UTF-8"?>
<!-- Generated by org.testng.reporters.JUnitReportReporter -->
<testsuite hostname="DESKTOP-GQF8HD8" failures="0" tests="1" name="com.PhpTravels_pages.PhpTravels_Draft" time="16.632" errors="0" timestamp="26 Jan 2019 18:27:44 GMT" skipped="0">
  <testcase classname="com.PhpTravels_pages.PhpTravels_Draft" name="main_page" time="16.632"/>
</testsuite> <!-- com.PhpTravels_pages.PhpTravels_Draft -->
