<?xml version="1.0" encoding="UTF-8"?>
<!-- Generated by org.testng.reporters.JUnitReportReporter -->
<testsuite skipped="0" hostname="DESKTOP-GQF8HD8" name="com.PhpTravels_Test.Test_page" tests="1" failures="0" timestamp="27 Jun 2019 21:36:49 GMT" time="14.548" errors="0">
  <testcase name="testing_PhPTravels" time="14.548" classname="com.PhpTravels_Test.Test_page"/>
</testsuite> <!-- com.PhpTravels_Test.Test_page -->
