<?xml version="1.0" encoding="UTF-8"?>
<!-- Generated by org.testng.reporters.JUnitReportReporter -->
<testsuite hostname="DESKTOP-GQF8HD8" failures="0" tests="1" name="com.PhpTravels_pages.PhpTravels_LoginPage" time="19.048" errors="0" timestamp="24 Jan 2019 15:21:05 GMT" skipped="0">
  <testcase classname="com.PhpTravels_pages.PhpTravels_LoginPage" name="main_page" time="19.048"/>
</testsuite> <!-- com.PhpTravels_pages.PhpTravels_LoginPage -->
