<?xml version="1.0" encoding="UTF-8"?>
<!-- Generated by org.testng.reporters.JUnitReportReporter -->
<testsuite hostname="DESKTOP-GQF8HD8" failures="0" tests="1" name="com.PhpTravels_TestPages.Call_Method" time="8.306" errors="0" timestamp="24 Jan 2019 11:54:18 GMT" skipped="0">
  <testcase classname="com.PhpTravels_TestPages.Call_Method" name="call_Methods" time="8.306"/>
</testsuite> <!-- com.PhpTravels_TestPages.Call_Method -->
