<?xml version="1.0" encoding="UTF-8"?>
<!-- Generated by org.testng.reporters.JUnitReportReporter -->
<testsuite hostname="DESKTOP-GQF8HD8" failures="0" tests="2" name="com.PhpTravels_TestPages.PhpTravels_LoginPage" time="12.464" errors="0" timestamp="24 Jan 2019 11:32:26 GMT" skipped="1">
  <testcase classname="com.PhpTravels_TestPages.PhpTravels_LoginPage" name="main_page" time="12.464"/>
  <testcase classname="com.PhpTravels_TestPages.PhpTravels_LoginPage" name="demo_page">
    <skipped/>
  </testcase> <!-- demo_page -->
</testsuite> <!-- com.PhpTravels_TestPages.PhpTravels_LoginPage -->
